[ 2017-10-16T21:06:51+08:00 ] ::1 /
INFO: [ app_init ] --START--
INFO: Run Behavior\BuildLiteBehavior [ RunTime:0.000220s ]
INFO: [ app_init ] --END-- [ RunTime:0.001891s ]
INFO: [ app_begin ] --START--
INFO: Run Behavior\ReadHtmlCacheBehavior [ RunTime:0.000617s ]
INFO: [ app_begin ] --END-- [ RunTime:0.000658s ]
INFO: [ view_parse ] --START--
INFO: [ template_filter ] --START--
INFO: Run Behavior\ContentReplaceBehavior [ RunTime:0.000502s ]
INFO: [ template_filter ] --END-- [ RunTime:0.000556s ]
INFO: Run Behavior\ParseTemplateBehavior [ RunTime:0.010293s ]
INFO: [ view_parse ] --END-- [ RunTime:0.010349s ]
INFO: [ view_filter ] --START--
INFO: Run Behavior\WriteHtmlCacheBehavior [ RunTime:0.000391s ]
INFO: [ view_filter ] --END-- [ RunTime:0.000427s ]
INFO: [ app_end ] --START--
INFO: Run Behavior\ShowPageTraceBehavior [ RunTime:0.000959s ]
INFO: [ app_end ] --END-- [ RunTime:0.001012s ]

[ 2017-10-16T21:06:51+08:00 ] ::1 /index.php/Home/Index/getList
INFO: [ app_init ] --START--
INFO: Run Behavior\BuildLiteBehavior [ RunTime:0.000013s ]
INFO: [ app_init ] --END-- [ RunTime:0.000347s ]
INFO: [ app_begin ] --START--
INFO: Run Behavior\ReadHtmlCacheBehavior [ RunTime:0.000596s ]
INFO: [ app_begin ] --END-- [ RunTime:0.000650s ]
SQL: SHOW COLUMNS FROM `dynamic` [ RunTime:0.0105s ]
SQL: SELECT `nick_name`,`content`,`dy_create_time`,dynamic.user_id,`dynamic_id`,`dy_pic` FROM `dynamic` INNER JOIN user ON dynamic.user_id = user.user_id  ORDER BY dy_create_time desc LIMIT 0,10   [ RunTime:0.0113s ]
NOTIC: [8] Undefined index: time /Users/tit1e/Public/GitRepositories/simpleWeb/Application/Home/Controller/IndexController.class.php 第 130 行.
NOTIC: [8] Undefined index: time /Users/tit1e/Public/GitRepositories/simpleWeb/Application/Home/Controller/IndexController.class.php 第 130 行.
NOTIC: [8] Undefined index: time /Users/tit1e/Public/GitRepositories/simpleWeb/Application/Home/Controller/IndexController.class.php 第 130 行.
NOTIC: [8] Undefined index: time /Users/tit1e/Public/GitRepositories/simpleWeb/Application/Home/Controller/IndexController.class.php 第 130 行.
NOTIC: [8] Undefined index: time /Users/tit1e/Public/GitRepositories/simpleWeb/Application/Home/Controller/IndexController.class.php 第 130 行.
NOTIC: [8] Undefined index: time /Users/tit1e/Public/GitRepositories/simpleWeb/Application/Home/Controller/IndexController.class.php 第 130 行.
NOTIC: [8] Undefined index: time /Users/tit1e/Public/GitRepositories/simpleWeb/Application/Home/Controller/IndexController.class.php 第 130 行.
NOTIC: [8] Undefined index: time /Users/tit1e/Public/GitRepositories/simpleWeb/Application/Home/Controller/IndexController.class.php 第 130 行.
NOTIC: [8] Undefined index: time /Users/tit1e/Public/GitRepositories/simpleWeb/Application/Home/Controller/IndexController.class.php 第 130 行.
NOTIC: [8] Undefined index: time /Users/tit1e/Public/GitRepositories/simpleWeb/Application/Home/Controller/IndexController.class.php 第 130 行.

[ 2017-10-16T21:07:04+08:00 ] ::1 /
INFO: [ app_init ] --START--
INFO: Run Behavior\BuildLiteBehavior [ RunTime:0.000020s ]
INFO: [ app_init ] --END-- [ RunTime:0.000351s ]
INFO: [ app_begin ] --START--
INFO: Run Behavior\ReadHtmlCacheBehavior [ RunTime:0.000478s ]
INFO: [ app_begin ] --END-- [ RunTime:0.000517s ]
INFO: [ view_parse ] --START--
INFO: [ template_filter ] --START--
INFO: Run Behavior\ContentReplaceBehavior [ RunTime:0.000052s ]
INFO: [ template_filter ] --END-- [ RunTime:0.000092s ]
INFO: Run Behavior\ParseTemplateBehavior [ RunTime:0.006570s ]
INFO: [ view_parse ] --END-- [ RunTime:0.006611s ]
INFO: [ view_filter ] --START--
INFO: Run Behavior\WriteHtmlCacheBehavior [ RunTime:0.000149s ]
INFO: [ view_filter ] --END-- [ RunTime:0.000174s ]
INFO: [ app_end ] --START--
INFO: Run Behavior\ShowPageTraceBehavior [ RunTime:0.000799s ]
INFO: [ app_end ] --END-- [ RunTime:0.000847s ]

[ 2017-10-16T21:07:04+08:00 ] ::1 /index.php/Home/Index/getList
INFO: [ app_init ] --START--
INFO: Run Behavior\BuildLiteBehavior [ RunTime:0.000024s ]
INFO: [ app_init ] --END-- [ RunTime:0.000444s ]
INFO: [ app_begin ] --START--
INFO: Run Behavior\ReadHtmlCacheBehavior [ RunTime:0.000538s ]
INFO: [ app_begin ] --END-- [ RunTime:0.000588s ]
SQL: SHOW COLUMNS FROM `dynamic` [ RunTime:0.0051s ]
SQL: SELECT `nick_name`,`content`,`dy_create_time`,dynamic.user_id,`dynamic_id`,`dy_pic` FROM `dynamic` INNER JOIN user ON dynamic.user_id = user.user_id  ORDER BY dy_create_time desc LIMIT 0,10   [ RunTime:0.0009s ]
NOTIC: [8] Undefined index: time /Users/tit1e/Public/GitRepositories/simpleWeb/Application/Home/Controller/IndexController.class.php 第 130 行.
NOTIC: [8] Undefined index: time /Users/tit1e/Public/GitRepositories/simpleWeb/Application/Home/Controller/IndexController.class.php 第 130 行.
NOTIC: [8] Undefined index: time /Users/tit1e/Public/GitRepositories/simpleWeb/Application/Home/Controller/IndexController.class.php 第 130 行.
NOTIC: [8] Undefined index: time /Users/tit1e/Public/GitRepositories/simpleWeb/Application/Home/Controller/IndexController.class.php 第 130 行.
NOTIC: [8] Undefined index: time /Users/tit1e/Public/GitRepositories/simpleWeb/Application/Home/Controller/IndexController.class.php 第 130 行.
NOTIC: [8] Undefined index: time /Users/tit1e/Public/GitRepositories/simpleWeb/Application/Home/Controller/IndexController.class.php 第 130 行.
NOTIC: [8] Undefined index: time /Users/tit1e/Public/GitRepositories/simpleWeb/Application/Home/Controller/IndexController.class.php 第 130 行.
NOTIC: [8] Undefined index: time /Users/tit1e/Public/GitRepositories/simpleWeb/Application/Home/Controller/IndexController.class.php 第 130 行.
NOTIC: [8] Undefined index: time /Users/tit1e/Public/GitRepositories/simpleWeb/Application/Home/Controller/IndexController.class.php 第 130 行.
NOTIC: [8] Undefined index: time /Users/tit1e/Public/GitRepositories/simpleWeb/Application/Home/Controller/IndexController.class.php 第 130 行.

[ 2017-10-16T21:07:07+08:00 ] ::1 /index.php/Home/Index/getList
INFO: [ app_init ] --START--
INFO: Run Behavior\BuildLiteBehavior [ RunTime:0.000015s ]
INFO: [ app_init ] --END-- [ RunTime:0.000409s ]
INFO: [ app_begin ] --START--
INFO: Run Behavior\ReadHtmlCacheBehavior [ RunTime:0.000903s ]
INFO: [ app_begin ] --END-- [ RunTime:0.000989s ]
SQL: SHOW COLUMNS FROM `dynamic` [ RunTime:0.0030s ]
SQL: SELECT `nick_name`,`content`,`dy_create_time`,dynamic.user_id,`dynamic_id`,`dy_pic` FROM `dynamic` INNER JOIN user ON dynamic.user_id = user.user_id  ORDER BY dy_create_time desc LIMIT 10,10   [ RunTime:0.0007s ]
NOTIC: [8] Undefined index: time /Users/tit1e/Public/GitRepositories/simpleWeb/Application/Home/Controller/IndexController.class.php 第 130 行.
NOTIC: [8] Undefined index: time /Users/tit1e/Public/GitRepositories/simpleWeb/Application/Home/Controller/IndexController.class.php 第 130 行.
NOTIC: [8] Undefined index: time /Users/tit1e/Public/GitRepositories/simpleWeb/Application/Home/Controller/IndexController.class.php 第 130 行.
NOTIC: [8] Undefined index: time /Users/tit1e/Public/GitRepositories/simpleWeb/Application/Home/Controller/IndexController.class.php 第 130 行.
NOTIC: [8] Undefined index: time /Users/tit1e/Public/GitRepositories/simpleWeb/Application/Home/Controller/IndexController.class.php 第 130 行.
NOTIC: [8] Undefined index: time /Users/tit1e/Public/GitRepositories/simpleWeb/Application/Home/Controller/IndexController.class.php 第 130 行.
NOTIC: [8] Undefined index: time /Users/tit1e/Public/GitRepositories/simpleWeb/Application/Home/Controller/IndexController.class.php 第 130 行.
NOTIC: [8] Undefined index: time /Users/tit1e/Public/GitRepositories/simpleWeb/Application/Home/Controller/IndexController.class.php 第 130 行.
NOTIC: [8] Undefined index: time /Users/tit1e/Public/GitRepositories/simpleWeb/Application/Home/Controller/IndexController.class.php 第 130 行.
NOTIC: [8] Undefined index: time /Users/tit1e/Public/GitRepositories/simpleWeb/Application/Home/Controller/IndexController.class.php 第 130 行.

[ 2017-10-16T21:07:10+08:00 ] ::1 /index.php/Home/Index/getList
INFO: [ app_init ] --START--
INFO: Run Behavior\BuildLiteBehavior [ RunTime:0.000028s ]
INFO: [ app_init ] --END-- [ RunTime:0.000410s ]
INFO: [ app_begin ] --START--
INFO: Run Behavior\ReadHtmlCacheBehavior [ RunTime:0.000771s ]
INFO: [ app_begin ] --END-- [ RunTime:0.000851s ]
SQL: SHOW COLUMNS FROM `dynamic` [ RunTime:0.0032s ]
SQL: SELECT `nick_name`,`content`,`dy_create_time`,dynamic.user_id,`dynamic_id`,`dy_pic` FROM `dynamic` INNER JOIN user ON dynamic.user_id = user.user_id  ORDER BY dy_create_time desc LIMIT 20,10   [ RunTime:0.0007s ]
NOTIC: [8] Undefined index: time /Users/tit1e/Public/GitRepositories/simpleWeb/Application/Home/Controller/IndexController.class.php 第 130 行.
NOTIC: [8] Undefined index: time /Users/tit1e/Public/GitRepositories/simpleWeb/Application/Home/Controller/IndexController.class.php 第 130 行.
NOTIC: [8] Undefined index: time /Users/tit1e/Public/GitRepositories/simpleWeb/Application/Home/Controller/IndexController.class.php 第 130 行.
NOTIC: [8] Undefined index: time /Users/tit1e/Public/GitRepositories/simpleWeb/Application/Home/Controller/IndexController.class.php 第 130 行.
NOTIC: [8] Undefined index: time /Users/tit1e/Public/GitRepositories/simpleWeb/Application/Home/Controller/IndexController.class.php 第 130 行.
NOTIC: [8] Undefined index: time /Users/tit1e/Public/GitRepositories/simpleWeb/Application/Home/Controller/IndexController.class.php 第 130 行.

[ 2017-10-16T21:07:20+08:00 ] ::1 /index.php/Home/Index/person
INFO: [ app_init ] --START--
INFO: Run Behavior\BuildLiteBehavior [ RunTime:0.000025s ]
INFO: [ app_init ] --END-- [ RunTime:0.000574s ]
INFO: [ app_begin ] --START--
INFO: Run Behavior\ReadHtmlCacheBehavior [ RunTime:0.002179s ]
INFO: [ app_begin ] --END-- [ RunTime:0.002260s ]
SQL: SHOW COLUMNS FROM `dynamic` [ RunTime:0.0032s ]
SQL: SHOW COLUMNS FROM `user` [ RunTime:0.0038s ]
SQL: SELECT `nick_name` FROM `user` WHERE `user_id` = 3 LIMIT 1   [ RunTime:0.0012s ]
SQL: SELECT `create_time` FROM `user` WHERE `user_id` = 3 LIMIT 1   [ RunTime:0.0005s ]
SQL: SELECT `nick_name`,`content`,`dy_create_time`,dynamic.user_id,`dynamic_id`,`dy_pic` FROM `dynamic` INNER JOIN user ON dynamic.user_id = user.user_id  WHERE dynamic.user_id = '3' ORDER BY dy_create_time desc LIMIT 0,10   [ RunTime:0.0024s ]
NOTIC: [8] Undefined index: time /Users/tit1e/Public/GitRepositories/simpleWeb/Application/Home/Controller/IndexController.class.php 第 81 行.
NOTIC: [8] Undefined index: time /Users/tit1e/Public/GitRepositories/simpleWeb/Application/Home/Controller/IndexController.class.php 第 81 行.
NOTIC: [8] Undefined index: time /Users/tit1e/Public/GitRepositories/simpleWeb/Application/Home/Controller/IndexController.class.php 第 81 行.
NOTIC: [8] Undefined index: time /Users/tit1e/Public/GitRepositories/simpleWeb/Application/Home/Controller/IndexController.class.php 第 81 行.
NOTIC: [8] Undefined index: time /Users/tit1e/Public/GitRepositories/simpleWeb/Application/Home/Controller/IndexController.class.php 第 81 行.
NOTIC: [8] Undefined index: time /Users/tit1e/Public/GitRepositories/simpleWeb/Application/Home/Controller/IndexController.class.php 第 81 行.
NOTIC: [8] Undefined index: time /Users/tit1e/Public/GitRepositories/simpleWeb/Application/Home/Controller/IndexController.class.php 第 81 行.
NOTIC: [8] Undefined index: time /Users/tit1e/Public/GitRepositories/simpleWeb/Application/Home/Controller/IndexController.class.php 第 81 行.
NOTIC: [8] Undefined index: time /Users/tit1e/Public/GitRepositories/simpleWeb/Application/Home/Controller/IndexController.class.php 第 81 行.
NOTIC: [8] Undefined index: time /Users/tit1e/Public/GitRepositories/simpleWeb/Application/Home/Controller/IndexController.class.php 第 81 行.

[ 2017-10-16T21:08:27+08:00 ] ::1 /index.php/Home/Index/login_out
INFO: [ app_init ] --START--
INFO: Run Behavior\BuildLiteBehavior [ RunTime:0.000038s ]
INFO: [ app_init ] --END-- [ RunTime:0.000937s ]
INFO: [ app_begin ] --START--
INFO: Run Behavior\ReadHtmlCacheBehavior [ RunTime:0.000953s ]
INFO: [ app_begin ] --END-- [ RunTime:0.001034s ]

[ 2017-10-16T21:32:01+08:00 ] ::1 /
INFO: [ app_init ] --START--
INFO: Run Behavior\BuildLiteBehavior [ RunTime:0.000028s ]
INFO: [ app_init ] --END-- [ RunTime:0.000941s ]
INFO: [ app_begin ] --START--
INFO: Run Behavior\ReadHtmlCacheBehavior [ RunTime:0.000696s ]
INFO: [ app_begin ] --END-- [ RunTime:0.000742s ]
INFO: [ view_parse ] --START--
INFO: [ template_filter ] --START--
INFO: Run Behavior\ContentReplaceBehavior [ RunTime:0.000074s ]
INFO: [ template_filter ] --END-- [ RunTime:0.000120s ]
INFO: Run Behavior\ParseTemplateBehavior [ RunTime:0.007901s ]
INFO: [ view_parse ] --END-- [ RunTime:0.007942s ]
INFO: [ view_filter ] --START--
INFO: Run Behavior\WriteHtmlCacheBehavior [ RunTime:0.000375s ]
INFO: [ view_filter ] --END-- [ RunTime:0.000412s ]
INFO: [ app_end ] --START--
INFO: Run Behavior\ShowPageTraceBehavior [ RunTime:0.000702s ]
INFO: [ app_end ] --END-- [ RunTime:0.000740s ]

[ 2017-10-16T21:32:14+08:00 ] ::1 /index.php/Home/Index/checkMail
INFO: [ app_init ] --START--
INFO: Run Behavior\BuildLiteBehavior [ RunTime:0.000024s ]
INFO: [ app_init ] --END-- [ RunTime:0.000380s ]
INFO: [ app_begin ] --START--
INFO: Run Behavior\ReadHtmlCacheBehavior [ RunTime:0.000643s ]
INFO: [ app_begin ] --END-- [ RunTime:0.000702s ]
SQL: SHOW COLUMNS FROM `user` [ RunTime:0.0023s ]
SQL: SELECT * FROM `user` WHERE `email` = '719149964@qq.com' LIMIT 1   [ RunTime:0.0009s ]

[ 2017-10-16T21:51:40+08:00 ] ::1 /
INFO: [ app_init ] --START--
INFO: Run Behavior\BuildLiteBehavior [ RunTime:0.000044s ]
INFO: [ app_init ] --END-- [ RunTime:0.001393s ]
INFO: [ app_begin ] --START--
INFO: Run Behavior\ReadHtmlCacheBehavior [ RunTime:0.002649s ]
INFO: [ app_begin ] --END-- [ RunTime:0.002812s ]
INFO: [ view_parse ] --START--
INFO: [ template_filter ] --START--
INFO: Run Behavior\ContentReplaceBehavior [ RunTime:0.000058s ]
INFO: [ template_filter ] --END-- [ RunTime:0.000106s ]
INFO: Run Behavior\ParseTemplateBehavior [ RunTime:0.022533s ]
INFO: [ view_parse ] --END-- [ RunTime:0.022604s ]
INFO: [ view_filter ] --START--
INFO: Run Behavior\WriteHtmlCacheBehavior [ RunTime:0.000431s ]
INFO: [ view_filter ] --END-- [ RunTime:0.000478s ]
INFO: [ app_end ] --START--
INFO: Run Behavior\ShowPageTraceBehavior [ RunTime:0.001169s ]
INFO: [ app_end ] --END-- [ RunTime:0.001214s ]

[ 2017-10-16T21:51:58+08:00 ] ::1 /index.php/Home/Index/checkMail
INFO: [ app_init ] --START--
INFO: Run Behavior\BuildLiteBehavior [ RunTime:0.000181s ]
INFO: [ app_init ] --END-- [ RunTime:0.002355s ]
INFO: [ app_begin ] --START--
INFO: Run Behavior\ReadHtmlCacheBehavior [ RunTime:0.000880s ]
INFO: [ app_begin ] --END-- [ RunTime:0.000976s ]
SQL: SHOW COLUMNS FROM `user` [ RunTime:0.0041s ]
SQL: SELECT * FROM `user` WHERE `email` = '719149964@qq.com' LIMIT 1   [ RunTime:0.0004s ]

[ 2017-10-16T21:54:17+08:00 ] ::1 /
INFO: [ app_init ] --START--
INFO: Run Behavior\BuildLiteBehavior [ RunTime:0.000017s ]
INFO: [ app_init ] --END-- [ RunTime:0.000601s ]
INFO: [ app_begin ] --START--
INFO: Run Behavior\ReadHtmlCacheBehavior [ RunTime:0.000748s ]
INFO: [ app_begin ] --END-- [ RunTime:0.000809s ]
INFO: [ view_parse ] --START--
INFO: [ template_filter ] --START--
INFO: Run Behavior\ContentReplaceBehavior [ RunTime:0.000047s ]
INFO: [ template_filter ] --END-- [ RunTime:0.000101s ]
INFO: Run Behavior\ParseTemplateBehavior [ RunTime:0.006393s ]
INFO: [ view_parse ] --END-- [ RunTime:0.006438s ]
INFO: [ view_filter ] --START--
INFO: Run Behavior\WriteHtmlCacheBehavior [ RunTime:0.000472s ]
INFO: [ view_filter ] --END-- [ RunTime:0.000517s ]
INFO: [ app_end ] --START--
INFO: Run Behavior\ShowPageTraceBehavior [ RunTime:0.000835s ]
INFO: [ app_end ] --END-- [ RunTime:0.000878s ]

[ 2017-10-16T21:54:18+08:00 ] ::1 /index.php/Home/Index/getList
INFO: [ app_init ] --START--
INFO: Run Behavior\BuildLiteBehavior [ RunTime:0.000022s ]
INFO: [ app_init ] --END-- [ RunTime:0.000512s ]
INFO: [ app_begin ] --START--
INFO: Run Behavior\ReadHtmlCacheBehavior [ RunTime:0.000600s ]
INFO: [ app_begin ] --END-- [ RunTime:0.000670s ]
SQL: SHOW COLUMNS FROM `dynamic` [ RunTime:0.0030s ]
SQL: SELECT `nick_name`,`content`,`dy_create_time`,dynamic.user_id,`dynamic_id`,`dy_pic` FROM `dynamic` INNER JOIN user ON dynamic.user_id = user.user_id  ORDER BY dy_create_time desc LIMIT 0,10   [ RunTime:0.0010s ]
NOTIC: [8] Undefined index: time /Users/tit1e/Public/GitRepositories/simpleWeb/Application/Home/Controller/IndexController.class.php 第 130 行.
NOTIC: [8] Undefined index: time /Users/tit1e/Public/GitRepositories/simpleWeb/Application/Home/Controller/IndexController.class.php 第 130 行.
NOTIC: [8] Undefined index: time /Users/tit1e/Public/GitRepositories/simpleWeb/Application/Home/Controller/IndexController.class.php 第 130 行.
NOTIC: [8] Undefined index: time /Users/tit1e/Public/GitRepositories/simpleWeb/Application/Home/Controller/IndexController.class.php 第 130 行.
NOTIC: [8] Undefined index: time /Users/tit1e/Public/GitRepositories/simpleWeb/Application/Home/Controller/IndexController.class.php 第 130 行.
NOTIC: [8] Undefined index: time /Users/tit1e/Public/GitRepositories/simpleWeb/Application/Home/Controller/IndexController.class.php 第 130 行.
NOTIC: [8] Undefined index: time /Users/tit1e/Public/GitRepositories/simpleWeb/Application/Home/Controller/IndexController.class.php 第 130 行.
NOTIC: [8] Undefined index: time /Users/tit1e/Public/GitRepositories/simpleWeb/Application/Home/Controller/IndexController.class.php 第 130 行.
NOTIC: [8] Undefined index: time /Users/tit1e/Public/GitRepositories/simpleWeb/Application/Home/Controller/IndexController.class.php 第 130 行.
NOTIC: [8] Undefined index: time /Users/tit1e/Public/GitRepositories/simpleWeb/Application/Home/Controller/IndexController.class.php 第 130 行.

[ 2017-10-16T21:54:42+08:00 ] ::1 /index.php/Home/Index/checkMail
INFO: [ app_init ] --START--
INFO: Run Behavior\BuildLiteBehavior [ RunTime:0.000022s ]
INFO: [ app_init ] --END-- [ RunTime:0.000431s ]
INFO: [ app_begin ] --START--
INFO: Run Behavior\ReadHtmlCacheBehavior [ RunTime:0.000526s ]
INFO: [ app_begin ] --END-- [ RunTime:0.000575s ]
SQL: SHOW COLUMNS FROM `user` [ RunTime:0.0029s ]
SQL: SELECT * FROM `user` WHERE `email` = '719149964@qq.com' LIMIT 1   [ RunTime:0.0004s ]

[ 2017-10-16T21:54:46+08:00 ] ::1 /index.php/Home/Index/checkMail
INFO: [ app_init ] --START--
INFO: Run Behavior\BuildLiteBehavior [ RunTime:0.000020s ]
INFO: [ app_init ] --END-- [ RunTime:0.000530s ]
INFO: [ app_begin ] --START--
INFO: Run Behavior\ReadHtmlCacheBehavior [ RunTime:0.000430s ]
INFO: [ app_begin ] --END-- [ RunTime:0.000465s ]
SQL: SHOW COLUMNS FROM `user` [ RunTime:0.0028s ]
SQL: SELECT * FROM `user` WHERE `email` = '719149964@qq.com' LIMIT 1   [ RunTime:0.0004s ]

[ 2017-10-16T21:57:01+08:00 ] ::1 /
INFO: [ app_init ] --START--
INFO: Run Behavior\BuildLiteBehavior [ RunTime:0.000013s ]
INFO: [ app_init ] --END-- [ RunTime:0.000566s ]
INFO: [ app_begin ] --START--
INFO: Run Behavior\ReadHtmlCacheBehavior [ RunTime:0.000713s ]
INFO: [ app_begin ] --END-- [ RunTime:0.000759s ]
INFO: [ view_parse ] --START--
INFO: [ template_filter ] --START--
INFO: Run Behavior\ContentReplaceBehavior [ RunTime:0.000023s ]
INFO: [ template_filter ] --END-- [ RunTime:0.000065s ]
INFO: Run Behavior\ParseTemplateBehavior [ RunTime:0.009074s ]
INFO: [ view_parse ] --END-- [ RunTime:0.009125s ]
INFO: [ view_filter ] --START--
INFO: Run Behavior\WriteHtmlCacheBehavior [ RunTime:0.000371s ]
INFO: [ view_filter ] --END-- [ RunTime:0.000412s ]
INFO: [ app_end ] --START--
INFO: Run Behavior\ShowPageTraceBehavior [ RunTime:0.000801s ]
INFO: [ app_end ] --END-- [ RunTime:0.000837s ]

[ 2017-10-16T21:57:12+08:00 ] ::1 /index.php/Home/Index/checkMail
INFO: [ app_init ] --START--
INFO: Run Behavior\BuildLiteBehavior [ RunTime:0.000026s ]
INFO: [ app_init ] --END-- [ RunTime:0.000464s ]
INFO: [ app_begin ] --START--
INFO: Run Behavior\ReadHtmlCacheBehavior [ RunTime:0.000846s ]
INFO: [ app_begin ] --END-- [ RunTime:0.000952s ]
SQL: SHOW COLUMNS FROM `user` [ RunTime:0.0020s ]
SQL: SELECT * FROM `user` WHERE `email` = '719149964@qq.com' LIMIT 1   [ RunTime:0.0006s ]

[ 2017-10-16T22:00:48+08:00 ] ::1 /index.php/Home/Index/getList
INFO: [ app_init ] --START--
INFO: Run Behavior\BuildLiteBehavior [ RunTime:0.000064s ]
INFO: [ app_init ] --END-- [ RunTime:0.001243s ]
INFO: [ app_begin ] --START--
INFO: Run Behavior\ReadHtmlCacheBehavior [ RunTime:0.001207s ]
INFO: [ app_begin ] --END-- [ RunTime:0.001308s ]
SQL: SHOW COLUMNS FROM `dynamic` [ RunTime:0.0040s ]
SQL: SELECT `nick_name`,`content`,`dy_create_time`,dynamic.user_id,`dynamic_id`,`dy_pic` FROM `dynamic` INNER JOIN user ON dynamic.user_id = user.user_id  ORDER BY dy_create_time desc LIMIT 0,10   [ RunTime:0.0020s ]
NOTIC: [8] Undefined index: time /Users/tit1e/Public/GitRepositories/simpleWeb/Application/Home/Controller/IndexController.class.php 第 130 行.
NOTIC: [8] Undefined index: time /Users/tit1e/Public/GitRepositories/simpleWeb/Application/Home/Controller/IndexController.class.php 第 130 行.
NOTIC: [8] Undefined index: time /Users/tit1e/Public/GitRepositories/simpleWeb/Application/Home/Controller/IndexController.class.php 第 130 行.
NOTIC: [8] Undefined index: time /Users/tit1e/Public/GitRepositories/simpleWeb/Application/Home/Controller/IndexController.class.php 第 130 行.
NOTIC: [8] Undefined index: time /Users/tit1e/Public/GitRepositories/simpleWeb/Application/Home/Controller/IndexController.class.php 第 130 行.
NOTIC: [8] Undefined index: time /Users/tit1e/Public/GitRepositories/simpleWeb/Application/Home/Controller/IndexController.class.php 第 130 行.
NOTIC: [8] Undefined index: time /Users/tit1e/Public/GitRepositories/simpleWeb/Application/Home/Controller/IndexController.class.php 第 130 行.
NOTIC: [8] Undefined index: time /Users/tit1e/Public/GitRepositories/simpleWeb/Application/Home/Controller/IndexController.class.php 第 130 行.
NOTIC: [8] Undefined index: time /Users/tit1e/Public/GitRepositories/simpleWeb/Application/Home/Controller/IndexController.class.php 第 130 行.
NOTIC: [8] Undefined index: time /Users/tit1e/Public/GitRepositories/simpleWeb/Application/Home/Controller/IndexController.class.php 第 130 行.

[ 2017-10-16T22:02:12+08:00 ] ::1 /
INFO: [ app_init ] --START--
INFO: Run Behavior\BuildLiteBehavior [ RunTime:0.000019s ]
INFO: [ app_init ] --END-- [ RunTime:0.000708s ]
INFO: [ app_begin ] --START--
INFO: Run Behavior\ReadHtmlCacheBehavior [ RunTime:0.000883s ]
INFO: [ app_begin ] --END-- [ RunTime:0.000930s ]
INFO: [ view_parse ] --START--
INFO: [ template_filter ] --START--
INFO: Run Behavior\ContentReplaceBehavior [ RunTime:0.000038s ]
INFO: [ template_filter ] --END-- [ RunTime:0.000087s ]
INFO: Run Behavior\ParseTemplateBehavior [ RunTime:0.013962s ]
INFO: [ view_parse ] --END-- [ RunTime:0.014010s ]
INFO: [ view_filter ] --START--
INFO: Run Behavior\WriteHtmlCacheBehavior [ RunTime:0.000473s ]
INFO: [ view_filter ] --END-- [ RunTime:0.000517s ]
INFO: [ app_end ] --START--
INFO: Run Behavior\ShowPageTraceBehavior [ RunTime:0.000752s ]
INFO: [ app_end ] --END-- [ RunTime:0.000789s ]

[ 2017-10-16T22:02:13+08:00 ] ::1 /index.php/Home/Index/getList
INFO: [ app_init ] --START--
INFO: Run Behavior\BuildLiteBehavior [ RunTime:0.000041s ]
INFO: [ app_init ] --END-- [ RunTime:0.000889s ]
INFO: [ app_begin ] --START--
INFO: Run Behavior\ReadHtmlCacheBehavior [ RunTime:0.000837s ]
INFO: [ app_begin ] --END-- [ RunTime:0.000926s ]
SQL: SHOW COLUMNS FROM `dynamic` [ RunTime:0.0020s ]
SQL: SELECT `nick_name`,`content`,`dy_create_time`,dynamic.user_id,`dynamic_id`,`dy_pic` FROM `dynamic` INNER JOIN user ON dynamic.user_id = user.user_id  ORDER BY dy_create_time desc LIMIT 0,10   [ RunTime:0.0017s ]
NOTIC: [8] Undefined index: time /Users/tit1e/Public/GitRepositories/simpleWeb/Application/Home/Controller/IndexController.class.php 第 130 行.
NOTIC: [8] Undefined index: time /Users/tit1e/Public/GitRepositories/simpleWeb/Application/Home/Controller/IndexController.class.php 第 130 行.
NOTIC: [8] Undefined index: time /Users/tit1e/Public/GitRepositories/simpleWeb/Application/Home/Controller/IndexController.class.php 第 130 行.
NOTIC: [8] Undefined index: time /Users/tit1e/Public/GitRepositories/simpleWeb/Application/Home/Controller/IndexController.class.php 第 130 行.
NOTIC: [8] Undefined index: time /Users/tit1e/Public/GitRepositories/simpleWeb/Application/Home/Controller/IndexController.class.php 第 130 行.
NOTIC: [8] Undefined index: time /Users/tit1e/Public/GitRepositories/simpleWeb/Application/Home/Controller/IndexController.class.php 第 130 行.
NOTIC: [8] Undefined index: time /Users/tit1e/Public/GitRepositories/simpleWeb/Application/Home/Controller/IndexController.class.php 第 130 行.
NOTIC: [8] Undefined index: time /Users/tit1e/Public/GitRepositories/simpleWeb/Application/Home/Controller/IndexController.class.php 第 130 行.
NOTIC: [8] Undefined index: time /Users/tit1e/Public/GitRepositories/simpleWeb/Application/Home/Controller/IndexController.class.php 第 130 行.
NOTIC: [8] Undefined index: time /Users/tit1e/Public/GitRepositories/simpleWeb/Application/Home/Controller/IndexController.class.php 第 130 行.

[ 2017-10-16T22:02:22+08:00 ] ::1 /index.php/Home/Index/checkMail
INFO: [ app_init ] --START--
INFO: Run Behavior\BuildLiteBehavior [ RunTime:0.000013s ]
INFO: [ app_init ] --END-- [ RunTime:0.000390s ]
INFO: [ app_begin ] --START--
INFO: Run Behavior\ReadHtmlCacheBehavior [ RunTime:0.000722s ]
INFO: [ app_begin ] --END-- [ RunTime:0.000787s ]
SQL: SHOW COLUMNS FROM `user` [ RunTime:0.0042s ]
SQL: SELECT * FROM `user` WHERE `email` = '719149964@qq.com' LIMIT 1   [ RunTime:0.0004s ]

[ 2017-10-16T22:03:55+08:00 ] ::1 /
INFO: [ app_init ] --START--
INFO: Run Behavior\BuildLiteBehavior [ RunTime:0.000015s ]
INFO: [ app_init ] --END-- [ RunTime:0.000582s ]
INFO: [ app_begin ] --START--
INFO: Run Behavior\ReadHtmlCacheBehavior [ RunTime:0.000693s ]
INFO: [ app_begin ] --END-- [ RunTime:0.000735s ]
INFO: [ view_parse ] --START--
INFO: [ template_filter ] --START--
INFO: Run Behavior\ContentReplaceBehavior [ RunTime:0.000058s ]
INFO: [ template_filter ] --END-- [ RunTime:0.000117s ]
INFO: Run Behavior\ParseTemplateBehavior [ RunTime:0.013737s ]
INFO: [ view_parse ] --END-- [ RunTime:0.013887s ]
INFO: [ view_filter ] --START--
INFO: Run Behavior\WriteHtmlCacheBehavior [ RunTime:0.000776s ]
INFO: [ view_filter ] --END-- [ RunTime:0.000827s ]
INFO: [ app_end ] --START--
INFO: Run Behavior\ShowPageTraceBehavior [ RunTime:0.000855s ]
INFO: [ app_end ] --END-- [ RunTime:0.000898s ]

[ 2017-10-16T22:03:56+08:00 ] ::1 /index.php/Home/Index/getList
INFO: [ app_init ] --START--
INFO: Run Behavior\BuildLiteBehavior [ RunTime:0.000045s ]
INFO: [ app_init ] --END-- [ RunTime:0.000878s ]
INFO: [ app_begin ] --START--
INFO: Run Behavior\ReadHtmlCacheBehavior [ RunTime:0.000781s ]
INFO: [ app_begin ] --END-- [ RunTime:0.000867s ]
SQL: SHOW COLUMNS FROM `dynamic` [ RunTime:0.0024s ]
SQL: SELECT `nick_name`,`content`,`dy_create_time`,dynamic.user_id,`dynamic_id`,`dy_pic` FROM `dynamic` INNER JOIN user ON dynamic.user_id = user.user_id  ORDER BY dy_create_time desc LIMIT 0,10   [ RunTime:0.0010s ]
NOTIC: [8] Undefined index: time /Users/tit1e/Public/GitRepositories/simpleWeb/Application/Home/Controller/IndexController.class.php 第 130 行.
NOTIC: [8] Undefined index: time /Users/tit1e/Public/GitRepositories/simpleWeb/Application/Home/Controller/IndexController.class.php 第 130 行.
NOTIC: [8] Undefined index: time /Users/tit1e/Public/GitRepositories/simpleWeb/Application/Home/Controller/IndexController.class.php 第 130 行.
NOTIC: [8] Undefined index: time /Users/tit1e/Public/GitRepositories/simpleWeb/Application/Home/Controller/IndexController.class.php 第 130 行.
NOTIC: [8] Undefined index: time /Users/tit1e/Public/GitRepositories/simpleWeb/Application/Home/Controller/IndexController.class.php 第 130 行.
NOTIC: [8] Undefined index: time /Users/tit1e/Public/GitRepositories/simpleWeb/Application/Home/Controller/IndexController.class.php 第 130 行.
NOTIC: [8] Undefined index: time /Users/tit1e/Public/GitRepositories/simpleWeb/Application/Home/Controller/IndexController.class.php 第 130 行.
NOTIC: [8] Undefined index: time /Users/tit1e/Public/GitRepositories/simpleWeb/Application/Home/Controller/IndexController.class.php 第 130 行.
NOTIC: [8] Undefined index: time /Users/tit1e/Public/GitRepositories/simpleWeb/Application/Home/Controller/IndexController.class.php 第 130 行.
NOTIC: [8] Undefined index: time /Users/tit1e/Public/GitRepositories/simpleWeb/Application/Home/Controller/IndexController.class.php 第 130 行.

[ 2017-10-16T22:04:09+08:00 ] ::1 /index.php/Home/Index/checkMail
INFO: [ app_init ] --START--
INFO: Run Behavior\BuildLiteBehavior [ RunTime:0.000011s ]
INFO: [ app_init ] --END-- [ RunTime:0.000276s ]
INFO: [ app_begin ] --START--
INFO: Run Behavior\ReadHtmlCacheBehavior [ RunTime:0.000368s ]
INFO: [ app_begin ] --END-- [ RunTime:0.000398s ]
SQL: SHOW COLUMNS FROM `user` [ RunTime:0.0020s ]
SQL: SELECT * FROM `user` WHERE `email` = '719149964@qq.com' LIMIT 1   [ RunTime:0.0004s ]

[ 2017-10-16T22:04:17+08:00 ] ::1 /index.php/Home/Index/changePsd
INFO: [ app_init ] --START--
INFO: Run Behavior\BuildLiteBehavior [ RunTime:0.000013s ]
INFO: [ app_init ] --END-- [ RunTime:0.000307s ]
INFO: [ app_begin ] --START--
INFO: Run Behavior\ReadHtmlCacheBehavior [ RunTime:0.000669s ]
INFO: [ app_begin ] --END-- [ RunTime:0.000727s ]
SQL: SHOW COLUMNS FROM `user` [ RunTime:0.0017s ]
SQL: UPDATE `user` SET `password`='e10adc3949ba59abbe56e057f20f883e' WHERE `email` = '' [ RunTime:0.0032s ]

[ 2017-10-16T22:11:57+08:00 ] ::1 /
INFO: [ app_init ] --START--
INFO: Run Behavior\BuildLiteBehavior [ RunTime:0.000020s ]
INFO: [ app_init ] --END-- [ RunTime:0.000878s ]
INFO: [ app_begin ] --START--
INFO: Run Behavior\ReadHtmlCacheBehavior [ RunTime:0.000710s ]
INFO: [ app_begin ] --END-- [ RunTime:0.000758s ]
INFO: [ view_parse ] --START--
INFO: [ template_filter ] --START--
INFO: Run Behavior\ContentReplaceBehavior [ RunTime:0.000027s ]
INFO: [ template_filter ] --END-- [ RunTime:0.000071s ]
INFO: Run Behavior\ParseTemplateBehavior [ RunTime:0.005493s ]
INFO: [ view_parse ] --END-- [ RunTime:0.005532s ]
INFO: [ view_filter ] --START--
INFO: Run Behavior\WriteHtmlCacheBehavior [ RunTime:0.000346s ]
INFO: [ view_filter ] --END-- [ RunTime:0.000380s ]
INFO: [ app_end ] --START--
INFO: Run Behavior\ShowPageTraceBehavior [ RunTime:0.000668s ]
INFO: [ app_end ] --END-- [ RunTime:0.000705s ]

[ 2017-10-16T22:12:10+08:00 ] ::1 /index.php/Home/Index/checkMail
INFO: [ app_init ] --START--
INFO: Run Behavior\BuildLiteBehavior [ RunTime:0.000024s ]
INFO: [ app_init ] --END-- [ RunTime:0.000618s ]
INFO: [ app_begin ] --START--
INFO: Run Behavior\ReadHtmlCacheBehavior [ RunTime:0.001012s ]
INFO: [ app_begin ] --END-- [ RunTime:0.001086s ]
SQL: SHOW COLUMNS FROM `user` [ RunTime:0.0033s ]
SQL: SELECT * FROM `user` WHERE `email` = '719149964@qq.com' LIMIT 1   [ RunTime:0.0004s ]

[ 2017-10-16T22:12:20+08:00 ] ::1 /index.php/Home/Index/changePsd
INFO: [ app_init ] --START--
INFO: Run Behavior\BuildLiteBehavior [ RunTime:0.000018s ]
INFO: [ app_init ] --END-- [ RunTime:0.000400s ]
INFO: [ app_begin ] --START--
INFO: Run Behavior\ReadHtmlCacheBehavior [ RunTime:0.000433s ]
INFO: [ app_begin ] --END-- [ RunTime:0.000472s ]
SQL: SHOW COLUMNS FROM `user` [ RunTime:0.0021s ]
SQL: UPDATE `user` SET `password`='e10adc3949ba59abbe56e057f20f883e' WHERE `email` = '719149964@qq.com' [ RunTime:0.0069s ]

[ 2017-10-16T22:14:53+08:00 ] ::1 /index.php/Home/Index/changePsd
INFO: [ app_init ] --START--
INFO: Run Behavior\BuildLiteBehavior [ RunTime:0.000026s ]
INFO: [ app_init ] --END-- [ RunTime:0.001047s ]
INFO: [ app_begin ] --START--
INFO: Run Behavior\ReadHtmlCacheBehavior [ RunTime:0.000696s ]
INFO: [ app_begin ] --END-- [ RunTime:0.000746s ]
SQL: SHOW COLUMNS FROM `user` [ RunTime:0.0026s ]
SQL: UPDATE `user` SET `password`='fcea920f7412b5da7be0cf42b8c93759' WHERE `email` = '719149964@qq.com' [ RunTime:0.0018s ]

[ 2017-10-16T22:49:22+08:00 ] ::1 /
INFO: [ app_init ] --START--
INFO: Run Behavior\BuildLiteBehavior [ RunTime:0.000016s ]
INFO: [ app_init ] --END-- [ RunTime:0.001454s ]
INFO: [ app_begin ] --START--
INFO: Run Behavior\ReadHtmlCacheBehavior [ RunTime:0.000715s ]
INFO: [ app_begin ] --END-- [ RunTime:0.000765s ]
INFO: [ view_parse ] --START--
INFO: [ template_filter ] --START--
INFO: Run Behavior\ContentReplaceBehavior [ RunTime:0.000026s ]
INFO: [ template_filter ] --END-- [ RunTime:0.000070s ]
INFO: Run Behavior\ParseTemplateBehavior [ RunTime:0.007443s ]
INFO: [ view_parse ] --END-- [ RunTime:0.007496s ]
INFO: [ view_filter ] --START--
INFO: Run Behavior\WriteHtmlCacheBehavior [ RunTime:0.000359s ]
INFO: [ view_filter ] --END-- [ RunTime:0.000402s ]
INFO: [ app_end ] --START--
INFO: Run Behavior\ShowPageTraceBehavior [ RunTime:0.000722s ]
INFO: [ app_end ] --END-- [ RunTime:0.000767s ]

[ 2017-10-16T22:50:02+08:00 ] ::1 /index.php/Home/Index/registeredUser
INFO: [ app_init ] --START--
INFO: Run Behavior\BuildLiteBehavior [ RunTime:0.000040s ]
INFO: [ app_init ] --END-- [ RunTime:0.000604s ]
INFO: [ app_begin ] --START--
INFO: Run Behavior\ReadHtmlCacheBehavior [ RunTime:0.000552s ]
INFO: [ app_begin ] --END-- [ RunTime:0.000608s ]
SQL: SHOW COLUMNS FROM `user` [ RunTime:0.0058s ]
SQL: SELECT * FROM `user` WHERE `email` = '111111@qq.com' LIMIT 1   [ RunTime:0.0006s ]

[ 2017-10-16T22:52:18+08:00 ] ::1 /
INFO: [ app_init ] --START--
INFO: Run Behavior\BuildLiteBehavior [ RunTime:0.000044s ]
INFO: [ app_init ] --END-- [ RunTime:0.001040s ]
INFO: [ app_begin ] --START--
INFO: Run Behavior\ReadHtmlCacheBehavior [ RunTime:0.000755s ]
INFO: [ app_begin ] --END-- [ RunTime:0.000809s ]
INFO: [ view_parse ] --START--
INFO: [ template_filter ] --START--
INFO: Run Behavior\ContentReplaceBehavior [ RunTime:0.000090s ]
INFO: [ template_filter ] --END-- [ RunTime:0.000163s ]
INFO: Run Behavior\ParseTemplateBehavior [ RunTime:0.013855s ]
INFO: [ view_parse ] --END-- [ RunTime:0.013928s ]
INFO: [ view_filter ] --START--
INFO: Run Behavior\WriteHtmlCacheBehavior [ RunTime:0.000457s ]
INFO: [ view_filter ] --END-- [ RunTime:0.000499s ]
INFO: [ app_end ] --START--
INFO: Run Behavior\ShowPageTraceBehavior [ RunTime:0.000772s ]
INFO: [ app_end ] --END-- [ RunTime:0.000810s ]

[ 2017-10-16T22:52:41+08:00 ] ::1 /index.php/Home/Index/registeredUser
INFO: [ app_init ] --START--
INFO: Run Behavior\BuildLiteBehavior [ RunTime:0.000015s ]
INFO: [ app_init ] --END-- [ RunTime:0.000389s ]
INFO: [ app_begin ] --START--
INFO: Run Behavior\ReadHtmlCacheBehavior [ RunTime:0.000763s ]
INFO: [ app_begin ] --END-- [ RunTime:0.000834s ]
SQL: SHOW COLUMNS FROM `user` [ RunTime:0.0040s ]
SQL: SELECT * FROM `user` WHERE `email` = '111111@qq.com' LIMIT 1   [ RunTime:0.0015s ]
SQL: INSERT INTO `user` (`nick_name`,`email`,`password`,`create_time`) VALUES ('title','111111@qq.com','e10adc3949ba59abbe56e057f20f883e','1508165561') [ RunTime:0.0067s ]

[ 2017-10-16T22:53:22+08:00 ] ::1 /index.php/Home/Index/registeredUser
INFO: [ app_init ] --START--
INFO: Run Behavior\BuildLiteBehavior [ RunTime:0.000012s ]
INFO: [ app_init ] --END-- [ RunTime:0.000403s ]
INFO: [ app_begin ] --START--
INFO: Run Behavior\ReadHtmlCacheBehavior [ RunTime:0.001139s ]
INFO: [ app_begin ] --END-- [ RunTime:0.001332s ]
SQL: SHOW COLUMNS FROM `user` [ RunTime:0.0065s ]
SQL: SELECT * FROM `user` WHERE `email` = '111111@qq.com' LIMIT 1   [ RunTime:0.0005s ]

